<?xml version="1.0" encoding="UTF-8"?>
<testsuite name="com.kazurayam.ks.logging.XMLLogAnalyzerTest" tests="2" skipped="0" failures="0" errors="0" timestamp="2021-11-26T11:30:39" hostname="KAZUAKInoMacBook-Air-2.local" time="1.118">
  <properties/>
  <testcase name="test_counter" classname="com.kazurayam.ks.logging.XMLLogAnalyzerTest" time="1.005"/>
  <testcase name="test_identity_transform" classname="com.kazurayam.ks.logging.XMLLogAnalyzerTest" time="0.112"/>
  <system-out><![CDATA[net.sf.saxon.TransformerFactoryImpl
net.sf.saxon.TransformerFactoryImpl
]]></system-out>
  <system-err><![CDATA[]]></system-err>
</testsuite>
