<?xml version="1.0" encoding="UTF-8"?>
<testsuite name="com.kazurayam.ks.logging.XMLLogAnalyzerTest" tests="3" skipped="0" failures="0" errors="0" timestamp="2021-11-26T11:55:50" hostname="KAZUAKInoMacBook-Air-2.local" time="5.41">
  <properties/>
  <testcase name="test_counter" classname="com.kazurayam.ks.logging.XMLLogAnalyzerTest" time="1.26"/>
  <testcase name="test_identity_transform" classname="com.kazurayam.ks.logging.XMLLogAnalyzerTest" time="0.121"/>
  <testcase name="test_counter_mega" classname="com.kazurayam.ks.logging.XMLLogAnalyzerTest" time="4.028"/>
  <system-out><![CDATA[net.sf.saxon.TransformerFactoryImpl
net.sf.saxon.TransformerFactoryImpl
net.sf.saxon.TransformerFactoryImpl
]]></system-out>
  <system-err><![CDATA[]]></system-err>
</testsuite>
